This is pdfTeX, Version 3.14159265-2.6-1.40.20 (TeX Live 2019/Arch Linux) (preloaded format=pdflatex 2019.8.26)  11 NOV 2019 03:08
entering extended mode
 restricted \write18 enabled.
 %&-line parsing enabled.
**/home/emiliano/Documents/Facultad/SistemasOpII/Documentacion/resumenCarpeta2

(/home/emiliano/Documents/Facultad/SistemasOpII/Documentacion/resumenCarpeta2.t
ex
LaTeX2e <2018-12-01>
(/usr/share/texmf-dist/tex/latex/base/article.cls
Document Class: article 2018/09/03 v1.4i Standard LaTeX document class
(/usr/share/texmf-dist/tex/latex/base/size10.clo
File: size10.clo 2018/09/03 v1.4i Standard LaTeX file (size option)
)
\c@part=\count80
\c@section=\count81
\c@subsection=\count82
\c@subsubsection=\count83
\c@paragraph=\count84
\c@subparagraph=\count85
\c@figure=\count86
\c@table=\count87
\abovecaptionskip=\skip41
\belowcaptionskip=\skip42
\bibindent=\dimen102
)
(/usr/share/texmf-dist/tex/latex/geometry/geometry.sty
Package: geometry 2018/04/16 v5.8 Page Geometry

(/usr/share/texmf-dist/tex/latex/graphics/keyval.sty
Package: keyval 2014/10/28 v1.15 key=value parser (DPC)
\KV@toks@=\toks14
)
(/usr/share/texmf-dist/tex/generic/oberdiek/ifpdf.sty
Package: ifpdf 2018/09/07 v3.3 Provides the ifpdf switch
)
(/usr/share/texmf-dist/tex/generic/oberdiek/ifvtex.sty
Package: ifvtex 2016/05/16 v1.6 Detect VTeX and its facilities (HO)
Package ifvtex Info: VTeX not detected.
)
(/usr/share/texmf-dist/tex/generic/ifxetex/ifxetex.sty
Package: ifxetex 2010/09/12 v0.6 Provides ifxetex conditional
)
\Gm@cnth=\count88
\Gm@cntv=\count89
\c@Gm@tempcnt=\count90
\Gm@bindingoffset=\dimen103
\Gm@wd@mp=\dimen104
\Gm@odd@mp=\dimen105
\Gm@even@mp=\dimen106
\Gm@layoutwidth=\dimen107
\Gm@layoutheight=\dimen108
\Gm@layouthoffset=\dimen109
\Gm@layoutvoffset=\dimen110
\Gm@dimlist=\toks15
)
(/usr/share/texmf-dist/tex/generic/babel/babel.sty
Package: babel 2019/04/03 3.29 The Babel package

(/usr/share/texmf-dist/tex/generic/babel/switch.def
File: switch.def 2019/04/03 3.29 Babel switching mechanism
)
(/usr/share/texmf-dist/tex/generic/babel-spanish/spanish.ldf
Language: spanish.ldf 2016/03/03 v5.0p Spanish support from the babel system

(/usr/share/texmf-dist/tex/generic/babel/babel.def
File: babel.def 2019/04/03 3.29 Babel common definitions
\babel@savecnt=\count91
\U@D=\dimen111

(/usr/share/texmf-dist/tex/generic/babel/txtbabel.def)
\bbl@dirlevel=\count92
)
\es@quottoks=\toks16
\es@quotdepth=\count93
Package babel Info: Making " an active character on input line 561.
Package babel Info: Making . an active character on input line 662.
Package babel Info: Making < an active character on input line 707.
Package babel Info: Making > an active character on input line 707.
))
(/usr/share/texmf-dist/tex/latex/base/inputenc.sty
Package: inputenc 2018/08/11 v1.3c Input encoding file
\inpenc@prehook=\toks17
\inpenc@posthook=\toks18

(/usr/share/texmf-dist/tex/latex/base/latin1.def
File: latin1.def 2018/08/11 v1.3c Input encoding file
))
(/usr/share/texmf-dist/tex/latex/graphics/graphicx.sty
Package: graphicx 2017/06/01 v1.1a Enhanced LaTeX Graphics (DPC,SPQR)

(/usr/share/texmf-dist/tex/latex/graphics/graphics.sty
Package: graphics 2017/06/25 v1.2c Standard LaTeX Graphics (DPC,SPQR)

(/usr/share/texmf-dist/tex/latex/graphics/trig.sty
Package: trig 2016/01/03 v1.10 sin cos tan (DPC)
)
(/usr/share/texmf-dist/tex/latex/graphics-cfg/graphics.cfg
File: graphics.cfg 2016/06/04 v1.11 sample graphics configuration
)
Package graphics Info: Driver file: pdftex.def on input line 99.

(/usr/share/texmf-dist/tex/latex/graphics-def/pdftex.def
File: pdftex.def 2018/01/08 v1.0l Graphics/color driver for pdftex
))
\Gin@req@height=\dimen112
\Gin@req@width=\dimen113
)
(/usr/share/texmf-dist/tex/latex/tools/tabularx.sty
Package: tabularx 2016/02/03 v2.11b `tabularx' package (DPC)

(/usr/share/texmf-dist/tex/latex/tools/array.sty
Package: array 2018/12/30 v2.4k Tabular extension package (FMi)
\col@sep=\dimen114
\ar@mcellbox=\box27
\extrarowheight=\dimen115
\NC@list=\toks19
\extratabsurround=\skip43
\backup@length=\skip44
\ar@cellbox=\box28
)
\TX@col@width=\dimen116
\TX@old@table=\dimen117
\TX@old@col=\dimen118
\TX@target=\dimen119
\TX@delta=\dimen120
\TX@cols=\count94
\TX@ftn=\toks20
)
(/usr/share/texmf-dist/tex/latex/listings/listings.sty
\lst@mode=\count95
\lst@gtempboxa=\box29
\lst@token=\toks21
\lst@length=\count96
\lst@currlwidth=\dimen121
\lst@column=\count97
\lst@pos=\count98
\lst@lostspace=\dimen122
\lst@width=\dimen123
\lst@newlines=\count99
\lst@lineno=\count100
\lst@maxwidth=\dimen124

(/usr/share/texmf-dist/tex/latex/listings/lstmisc.sty
File: lstmisc.sty 2019/02/27 1.8b (Carsten Heinz)
\c@lstnumber=\count101
\lst@skipnumbers=\count102
\lst@framebox=\box30
)
(/usr/share/texmf-dist/tex/latex/listings/listings.cfg
File: listings.cfg 2019/02/27 1.8b listings configuration
))
Package: listings 2019/02/27 1.8b (Carsten Heinz)

(/usr/share/texmf-dist/tex/latex/graphics/color.sty
Package: color 2016/07/10 v1.1e Standard LaTeX Color (DPC)

(/usr/share/texmf-dist/tex/latex/graphics-cfg/color.cfg
File: color.cfg 2016/01/02 v1.6 sample color configuration
)
Package color Info: Driver file: pdftex.def on input line 147.
)
(/usr/share/texmf-dist/tex/latex/listings/lstlang1.sty
File: lstlang1.sty 2019/02/27 1.8b listings language file
)
(/usr/share/texmf-dist/tex/latex/listings/lstmisc.sty
File: lstmisc.sty 2019/02/27 1.8b (Carsten Heinz)
)
Package color Info: Redefining color red on input line 20.
Package color Info: Redefining color blue on input line 21.
Package color Info: Redefining color green on input line 22.
Package color Info: Redefining color cyan on input line 23.

(/usr/share/texmf-dist/tex/latex/caption/caption.sty
Package: caption 2018/10/06 v3.3-154 Customizing captions (AR)

(/usr/share/texmf-dist/tex/latex/caption/caption3.sty
Package: caption3 2018/09/12 v1.8c caption3 kernel (AR)
Package caption3 Info: TeX engine: e-TeX on input line 64.
\captionmargin=\dimen125
\captionmargin@=\dimen126
\captionwidth=\dimen127
\caption@tempdima=\dimen128
\caption@indent=\dimen129
\caption@parindent=\dimen130
\caption@hangindent=\dimen131
)
\c@caption@flags=\count103
\c@ContinuedFloat=\count104
Package caption Info: listings package is loaded.
)
(/home/emiliano/Documents/Facultad/SistemasOpII/Documentacion/resumenCarpeta2.a
ux
LaTeX Info: Redefining \. on input line 6.
LaTeX Info: Redefining \% on input line 6.
)
\openout1 = `resumenCarpeta2.aux'.

LaTeX Font Info:    Checking defaults for OML/cmm/m/it on input line 83.
LaTeX Font Info:    ... okay on input line 83.
LaTeX Font Info:    Checking defaults for T1/cmr/m/n on input line 83.
LaTeX Font Info:    ... okay on input line 83.
LaTeX Font Info:    Checking defaults for OT1/cmr/m/n on input line 83.
LaTeX Font Info:    ... okay on input line 83.
LaTeX Font Info:    Checking defaults for OMS/cmsy/m/n on input line 83.
LaTeX Font Info:    ... okay on input line 83.
LaTeX Font Info:    Checking defaults for OMX/cmex/m/n on input line 83.
LaTeX Font Info:    ... okay on input line 83.
LaTeX Font Info:    Checking defaults for U/cmr/m/n on input line 83.
LaTeX Font Info:    ... okay on input line 83.

*geometry* driver: auto-detecting
*geometry* detected driver: pdftex
*geometry* verbose mode - [ preamble ] result:
* driver: pdftex
* paper: a4paper
* layout: <same size as paper>
* layoutoffset:(h,v)=(0.0pt,0.0pt)
* modes: 
* h-part:(L,W,R)=(56.9055pt, 483.69684pt, 56.90553pt)
* v-part:(T,H,B)=(56.9055pt, 731.23582pt, 56.90552pt)
* \paperwidth=597.50787pt
* \paperheight=845.04684pt
* \textwidth=483.69684pt
* \textheight=731.23582pt
* \oddsidemargin=-15.36449pt
* \evensidemargin=-15.36449pt
* \topmargin=-52.36449pt
* \headheight=12.0pt
* \headsep=25.0pt
* \topskip=10.0pt
* \footskip=30.0pt
* \marginparwidth=65.0pt
* \marginparsep=11.0pt
* \columnsep=10.0pt
* \skip\footins=9.0pt plus 4.0pt minus 2.0pt
* \hoffset=0.0pt
* \voffset=0.0pt
* \mag=1000
* \@twocolumnfalse
* \@twosidefalse
* \@mparswitchfalse
* \@reversemarginfalse
* (1in=72.27pt=25.4mm, 1cm=28.453pt)

LaTeX Info: Redefining \. on input line 83.
LaTeX Info: Redefining \% on input line 83.
(/usr/share/texmf-dist/tex/context/base/mkii/supp-pdf.mkii
[Loading MPS to PDF converter (version 2006.09.02).]
\scratchcounter=\count105
\scratchdimen=\dimen132
\scratchbox=\box31
\nofMPsegments=\count106
\nofMParguments=\count107
\everyMPshowfont=\toks22
\MPscratchCnt=\count108
\MPscratchDim=\dimen133
\MPnumerator=\count109
\makeMPintoPDFobject=\count110
\everyMPtoPDFconversion=\toks23
) (/usr/share/texmf-dist/tex/latex/oberdiek/epstopdf-base.sty
Package: epstopdf-base 2016/05/15 v2.6 Base part for package epstopdf

(/usr/share/texmf-dist/tex/generic/oberdiek/infwarerr.sty
Package: infwarerr 2016/05/16 v1.4 Providing info/warning/error messages (HO)
)
(/usr/share/texmf-dist/tex/latex/oberdiek/grfext.sty
Package: grfext 2016/05/16 v1.2 Manage graphics extensions (HO)

(/usr/share/texmf-dist/tex/generic/oberdiek/kvdefinekeys.sty
Package: kvdefinekeys 2016/05/16 v1.4 Define keys (HO)

(/usr/share/texmf-dist/tex/generic/oberdiek/ltxcmds.sty
Package: ltxcmds 2016/05/16 v1.23 LaTeX kernel commands for general use (HO)
)))
(/usr/share/texmf-dist/tex/latex/oberdiek/kvoptions.sty
Package: kvoptions 2016/05/16 v3.12 Key value format for package options (HO)

(/usr/share/texmf-dist/tex/generic/oberdiek/kvsetkeys.sty
Package: kvsetkeys 2016/05/16 v1.17 Key value parser (HO)

(/usr/share/texmf-dist/tex/generic/oberdiek/etexcmds.sty
Package: etexcmds 2016/05/16 v1.6 Avoid name clashes with e-TeX commands (HO)

(/usr/share/texmf-dist/tex/generic/oberdiek/ifluatex.sty
Package: ifluatex 2016/05/16 v1.4 Provides the ifluatex switch (HO)
Package ifluatex Info: LuaTeX not detected.
))))
(/usr/share/texmf-dist/tex/generic/oberdiek/pdftexcmds.sty
Package: pdftexcmds 2018/09/10 v0.29 Utility functions of pdfTeX for LuaTeX (HO
)
Package pdftexcmds Info: LuaTeX not detected.
Package pdftexcmds Info: \pdf@primitive is available.
Package pdftexcmds Info: \pdf@ifprimitive is available.
Package pdftexcmds Info: \pdfdraftmode found.
)
Package epstopdf-base Info: Redefining graphics rule for `.eps' on input line 4
38.
Package grfext Info: Graphics extension search list:
(grfext)             [.pdf,.png,.jpg,.mps,.jpeg,.jbig2,.jb2,.PDF,.PNG,.JPG,.JPE
G,.JBIG2,.JB2,.eps]
(grfext)             \AppendGraphicsExtensions on input line 456.

(/usr/share/texmf-dist/tex/latex/latexconfig/epstopdf-sys.cfg
File: epstopdf-sys.cfg 2010/07/13 v1.3 Configuration of (r)epstopdf for TeX Liv
e
))
\c@lstlisting=\count111
Package caption Info: Begin \AtBeginDocument code.
Package caption Info: End \AtBeginDocument code.
LaTeX Font Info:    External font `cmex10' loaded for size
(Font)              <12> on input line 84.
LaTeX Font Info:    External font `cmex10' loaded for size
(Font)              <8> on input line 84.
LaTeX Font Info:    External font `cmex10' loaded for size
(Font)              <6> on input line 84.
LaTeX Font Info:    External font `cmex10' loaded for size
(Font)              <14.4> on input line 86.
LaTeX Font Info:    External font `cmex10' loaded for size
(Font)              <7> on input line 86.
<Imagenes/imagen1.png, id=1, 619.56468pt x 304.13625pt>
File: Imagenes/imagen1.png Graphic file (type png)
<use Imagenes/imagen1.png>
Package pdftex.def Info: Imagenes/imagen1.png  used on input line 96.
(pdftex.def)             Requested size: 309.78157pt x 152.06775pt.
 [1

{/var/lib/texmf/fonts/map/pdftex/updmap/pdftex.map} <./Imagenes/imagen1.png (PN
G copy)>]
<Imagenes/imagen2.png, id=12, 758.08218pt x 335.00156pt>
File: Imagenes/imagen2.png Graphic file (type png)
<use Imagenes/imagen2.png>
Package pdftex.def Info: Imagenes/imagen2.png  used on input line 149.
(pdftex.def)             Requested size: 379.04016pt x 167.50037pt.

[2 <./Imagenes/imagen2.png (PNG copy)>]
Overfull \hbox (1.33173pt too wide) in paragraph at lines 270--273
[]\OT1/cmr/m/n/10 Seg^^Sun el pro-fe-sor es-to no fun-cio-na en or-ga-ni-za-cio
-nes ci-vi-les, por-que se pue-den es-cri-bir de for-ma ^^Xcorrupta"hacia
 []

<Imagenes/imagen3.png, id=16, 733.99219pt x 393.72093pt>
File: Imagenes/imagen3.png Graphic file (type png)
<use Imagenes/imagen3.png>
Package pdftex.def Info: Imagenes/imagen3.png  used on input line 276.
(pdftex.def)             Requested size: 366.9952pt x 196.85999pt.
[3 <./Imagenes/imagen3.png (PNG copy)>]
Overfull \hbox (1.33173pt too wide) in paragraph at lines 305--308
[]\OT1/cmr/m/n/10 Seg^^Sun el pro-fe-sor es-to no fun-cio-na en or-ga-ni-za-cio
-nes ci-vi-les, por-que se pue-den es-cri-bir de for-ma ^^Xcorrupta"hacia
 []

LaTeX Font Info:    External font `cmex10' loaded for size
(Font)              <5> on input line 324.
[4] [5] [6] [7]
<Imagenes/imagen4.png, id=38, 730.22812pt x 440.39531pt>
File: Imagenes/imagen4.png Graphic file (type png)
<use Imagenes/imagen4.png>
Package pdftex.def Info: Imagenes/imagen4.png  used on input line 638.
(pdftex.def)             Requested size: 365.11316pt x 220.19711pt.
 [8 <./Imagenes/imagen4.png (PNG copy)>]
<Imagenes/imagen5.png, id=42, 746.79pt x 314.67563pt>
File: Imagenes/imagen5.png Graphic file (type png)
<use Imagenes/imagen5.png>
Package pdftex.def Info: Imagenes/imagen5.png  used on input line 670.
(pdftex.def)             Requested size: 373.39407pt x 157.33742pt.
<Imagenes/imagen6.png, id=43, 703.12688pt x 433.62pt>
File: Imagenes/imagen6.png Graphic file (type png)
<use Imagenes/imagen6.png>
Package pdftex.def Info: Imagenes/imagen6.png  used on input line 681.
(pdftex.def)             Requested size: 351.56258pt x 216.80946pt.
<Imagenes/imagen7.png, id=44, 533.74406pt x 220.57407pt>
File: Imagenes/imagen7.png Graphic file (type png)
<use Imagenes/imagen7.png>
Package pdftex.def Info: Imagenes/imagen7.png  used on input line 690.
(pdftex.def)             Requested size: 266.87137pt x 110.28676pt.
 [9 <./Imagenes/imagen5.png (PNG copy)> <./Imagenes/imagen6.png (PNG copy)>]
<Imagenes/imagen8.png, id=48, 712.91344pt x 320.69812pt>
File: Imagenes/imagen8.png Graphic file (type png)
<use Imagenes/imagen8.png>
Package pdftex.def Info: Imagenes/imagen8.png  used on input line 717.
(pdftex.def)             Requested size: 356.45584pt x 160.34866pt.
<Imagenes/imagen9.png, id=49, 702.37407pt x 333.49594pt>
File: Imagenes/imagen9.png Graphic file (type png)
<use Imagenes/imagen9.png>
Package pdftex.def Info: Imagenes/imagen9.png  used on input line 731.
(pdftex.def)             Requested size: 351.18617pt x 166.74756pt.
 [10 <./Imagenes/imagen7.png (PNG copy)> <./Imagenes/imagen8.png (PNG copy)> <.
/Imagenes/imagen9.png (PNG copy)>]
<Imagenes/imagen10.png, id=53, 703.12688pt x 371.88937pt>
File: Imagenes/imagen10.png Graphic file (type png)
<use Imagenes/imagen10.png>
Package pdftex.def Info: Imagenes/imagen10.png  used on input line 741.
(pdftex.def)             Requested size: 351.56258pt x 185.94423pt.
 [11 <./Imagenes/imagen10.png (PNG copy)>]
LaTeX Font Info:    Try loading font information for OMS+cmr on input line 819.


(/usr/share/texmf-dist/tex/latex/base/omscmr.fd
File: omscmr.fd 2014/09/29 v2.5h Standard LaTeX font definitions
)
LaTeX Font Info:    Font shape `OMS/cmr/m/n' in size <10> not available
(Font)              Font shape `OMS/cmsy/m/n' tried instead on input line 819.
<Imagenes/imagen11.png, id=57, 569.12625pt x 273.27094pt>
File: Imagenes/imagen11.png Graphic file (type png)
<use Imagenes/imagen11.png>
Package pdftex.def Info: Imagenes/imagen11.png  used on input line 825.
(pdftex.def)             Requested size: 284.56242pt x 136.63512pt.
<Imagenes/imagen12.png, id=58, 746.79pt x 260.47313pt>
File: Imagenes/imagen12.png Graphic file (type png)
<use Imagenes/imagen12.png>
Package pdftex.def Info: Imagenes/imagen12.png  used on input line 853.
(pdftex.def)             Requested size: 373.39407pt x 130.23624pt.
<Imagenes/imagen13.png, id=59, 380.17032pt x 262.73157pt>
File: Imagenes/imagen13.png Graphic file (type png)
<use Imagenes/imagen13.png>
Package pdftex.def Info: Imagenes/imagen13.png  used on input line 863.
(pdftex.def)             Requested size: 190.08469pt x 131.36545pt.
 [12 <./Imagenes/imagen11.png (PNG copy)> <./Imagenes/imagen12.png (PNG copy)> 
<./Imagenes/imagen13.png (PNG copy)>]
<Imagenes/imagen14.png, id=63, 700.11563pt x 275.52937pt>
File: Imagenes/imagen14.png Graphic file (type png)
<use Imagenes/imagen14.png>
Package pdftex.def Info: Imagenes/imagen14.png  used on input line 884.
(pdftex.def)             Requested size: 350.05696pt x 137.76434pt.
 [13 <./Imagenes/imagen14.png (PNG copy)>] [14]

Package caption Warning: Unused \captionsetup[lstlisting] on input line 75.
See the caption package documentation for explanation.

[15]
(/home/emiliano/Documents/Facultad/SistemasOpII/Documentacion/resumenCarpeta2.a
ux
LaTeX Info: Redefining \. on input line 6.
LaTeX Info: Redefining \% on input line 6.
) ) 
Here is how much of TeX's memory you used:
 5625 strings out of 492623
 84153 string characters out of 6135669
 335405 words of memory out of 5000000
 9459 multiletter control sequences out of 15000+600000
 9209 words of font info for 32 fonts, out of 8000000 for 9000
 1141 hyphenation exceptions out of 8191
 41i,6n,40p,339b,359s stack positions out of 5000i,500n,10000p,200000b,80000s
</usr/share/texmf-dist/fonts/type1/public/amsfonts/cm/cmbx10.pfb></usr/share
/texmf-dist/fonts/type1/public/amsfonts/cm/cmbx12.pfb></usr/share/texmf-dist/fo
nts/type1/public/amsfonts/cm/cmmi10.pfb></usr/share/texmf-dist/fonts/type1/publ
ic/amsfonts/cm/cmmi7.pfb></usr/share/texmf-dist/fonts/type1/public/amsfonts/cm/
cmr10.pfb></usr/share/texmf-dist/fonts/type1/public/amsfonts/cm/cmr12.pfb></usr
/share/texmf-dist/fonts/type1/public/amsfonts/cm/cmr17.pfb></usr/share/texmf-di
st/fonts/type1/public/amsfonts/cm/cmr7.pfb></usr/share/texmf-dist/fonts/type1/p
ublic/amsfonts/cm/cmsy10.pfb></usr/share/texmf-dist/fonts/type1/public/amsfonts
/cm/cmti10.pfb>
Output written on /home/emiliano/Documents/Facultad/SistemasOpII/Documentacion/
resumenCarpeta2.pdf (15 pages, 1221211 bytes).
PDF statistics:
 107 PDF objects out of 1000 (max. 8388607)
 65 compressed objects within 1 object stream
 0 named destinations out of 1000 (max. 500000)
 71 words of extra memory for PDF output out of 10000 (max. 10000000)

